<?xml version="1.0" encoding="UTF-8"?>
<!-- Generated by org.testng.reporters.JUnitReportReporter -->
<testsuite hostname="Tithi" failures="0" tests="4" name="test_class.Login_test" time="39.644" errors="0" timestamp="2023-08-01T14:03:55 EDT" skipped="0">
  <testcase classname="test_class.Login_test" name="verify" time="3.985"/>
  <testcase classname="test_class.Login_test" name="username" time="10.800"/>
  <testcase classname="test_class.Login_test" name="username" time="14.233"/>
  <testcase classname="test_class.Login_test" name="username" time="10.626"/>
</testsuite> <!-- test_class.Login_test -->
